********************************************************************************
*                             2017年8月14日 20:17:45                              *
********************************************************************************
CSharpCompilerWrapper.exe version: 2.2.1.77
Platform: Windows
Target assembly: Assembly-CSharp.dll
Project directory: C:\Treasland\violet_framework
Target profile directory: C:\Program Files\Unity2017.1.0p1\Editor\Data\MonoBleedingEdge\lib\mono\4.5-api
Unity Mono directory: C:/Program Files/Unity2017.1.0p1/Editor/Data/MonoBleedingEdge
Compiler: Microsoft C# 7.1 (2.3.1.61919)

- Compilation -----------------------------------------------

Process: C:\Treasland\violet_framework\CSharp70Support\Roslyn\csc.exe
Arguments: -nostdlib+ -noconfig -nologo -langversion:latest -r:"C:\Program Files\Unity2017.1.0p1\Editor\Data\MonoBleedingEdge\lib\mono\4.5-api\mscorlib.dll" -r:"C:\Program Files\Unity2017.1.0p1\Editor\Data\MonoBleedingEdge\lib\mono\4.5-api\System.dll" -r:"C:\Program Files\Unity2017.1.0p1\Editor\Data\MonoBleedingEdge\lib\mono\4.5-api\System.Core.dll" -r:"C:\Program Files\Unity2017.1.0p1\Editor\Data\MonoBleedingEdge\lib\mono\4.5-api\Facades/System.Runtime.dll" -r:"C:\Program Files\Unity2017.1.0p1\Editor\Data\MonoBleedingEdge\lib\mono\4.5-api\Microsoft.CSharp.dll" -r:"C:\Program Files\Unity2017.1.0p1\Editor\Data\MonoBleedingEdge\lib\mono\4.5-api\System.Xml.dll" @Temp/UnityTempFile-763ca06c1344e6c498fada63d7e04d6f 
Exit code: 0
Elapsed time: 4.19 sec

- Compiler output (0 lines):

- Compiler errors (3 lines):
0: Assets\VioletFramework\Time\UnityTicker.cs(70,26): warning CS0649: Field 'UnityTicker._FromToTicker._FromToTickerTask.from' is never assigned to, and will always have its default value 0
1: Assets\VioletFramework\ConfigModule\ConfigManager.cs(14,25): warning CS0414: The field 'ConfigManager._init' is assigned but its value is never used
2: Assets\VioletFramework\Time\UnityTicker.cs(12,17): warning CS0414: The field 'UnityTicker.tickerIdIndex' is assigned but its value is never used

- PDB to MDB conversion --------------------------------------

Process: C:\Treasland\violet_framework\CSharp70Support\Roslyn\pdb2mdb.exe
Arguments: Temp\Assembly-CSharp.dll
Exit code: 0
Elapsed time: 0.14 sec

- pdb2mdb.exe output (0 lines):
********************************************************************************
*                             2017年8月14日 20:17:50                              *
********************************************************************************
CSharpCompilerWrapper.exe version: 2.2.1.77
Platform: Windows
Target assembly: Assembly-CSharp-Editor.dll
Project directory: C:\Treasland\violet_framework
Target profile directory: C:\Program Files\Unity2017.1.0p1\Editor\Data\MonoBleedingEdge\lib\mono\4.5-api
Unity Mono directory: C:/Program Files/Unity2017.1.0p1/Editor/Data/MonoBleedingEdge
Compiler: Microsoft C# 7.1 (2.3.1.61919)

- Compilation -----------------------------------------------

Process: C:\Treasland\violet_framework\CSharp70Support\Roslyn\csc.exe
Arguments: -nostdlib+ -noconfig -nologo -langversion:latest -r:"C:\Program Files\Unity2017.1.0p1\Editor\Data\MonoBleedingEdge\lib\mono\4.5-api\mscorlib.dll" -r:"C:\Program Files\Unity2017.1.0p1\Editor\Data\MonoBleedingEdge\lib\mono\4.5-api\System.dll" -r:"C:\Program Files\Unity2017.1.0p1\Editor\Data\MonoBleedingEdge\lib\mono\4.5-api\System.Core.dll" -r:"C:\Program Files\Unity2017.1.0p1\Editor\Data\MonoBleedingEdge\lib\mono\4.5-api\Facades/System.Runtime.dll" -r:"C:\Program Files\Unity2017.1.0p1\Editor\Data\MonoBleedingEdge\lib\mono\4.5-api\Microsoft.CSharp.dll" -r:"C:\Program Files\Unity2017.1.0p1\Editor\Data\MonoBleedingEdge\lib\mono\4.5-api\System.Xml.dll" @Temp/UnityTempFile-dc68ed38b7cfe924788b4c9d883e1065 
Exit code: 0
Elapsed time: 3.11 sec

- Compiler output (0 lines):

- Compiler errors (0 lines):

- PDB to MDB conversion --------------------------------------

Process: C:\Treasland\violet_framework\CSharp70Support\Roslyn\pdb2mdb.exe
Arguments: Temp\Assembly-CSharp-Editor.dll
Exit code: 0
Elapsed time: 0.13 sec

- pdb2mdb.exe output (0 lines):
